0 info it worked if it ends with ok
1 verbose cli [ 'node', '/usr/local/bin/npm', 'run', 'watch-css' ]
2 info using npm@2.8.4
3 info using node@v0.12.2
4 verbose node symlink /usr/local/bin/node
5 verbose run-script [ 'prewatch-css', 'watch-css', 'postwatch-css' ]
6 info prewatch-css textTrends@
7 info watch-css textTrends@
8 verbose unsafe-perm in lifecycle true
9 info textTrends@ Failed to exec watch-css script
10 verbose stack Error: textTrends@ watch-css: `catw -c 'lessc -' 'style/*.less' -o style/bundle.css`
10 verbose stack Exit status 1
10 verbose stack     at EventEmitter.<anonymous> (/usr/local/lib/node_modules/npm/lib/utils/lifecycle.js:213:16)
10 verbose stack     at EventEmitter.emit (events.js:110:17)
10 verbose stack     at ChildProcess.<anonymous> (/usr/local/lib/node_modules/npm/lib/utils/spawn.js:24:14)
10 verbose stack     at ChildProcess.emit (events.js:110:17)
10 verbose stack     at maybeClose (child_process.js:1015:16)
10 verbose stack     at Process.ChildProcess._handle.onexit (child_process.js:1087:5)
11 verbose pkgid textTrends@
12 verbose cwd /Users/lordchair/Dropbox/Code/Web/textTrends
13 error Darwin 15.0.0
14 error argv "node" "/usr/local/bin/npm" "run" "watch-css"
15 error node v0.12.2
16 error npm  v2.8.4
17 error code ELIFECYCLE
18 error textTrends@ watch-css: `catw -c 'lessc -' 'style/*.less' -o style/bundle.css`
18 error Exit status 1
19 error Failed at the textTrends@ watch-css script 'catw -c 'lessc -' 'style/*.less' -o style/bundle.css'.
19 error This is most likely a problem with the textTrends package,
19 error not with npm itself.
19 error Tell the author that this fails on your system:
19 error     catw -c 'lessc -' 'style/*.less' -o style/bundle.css
19 error You can get their info via:
19 error     npm owner ls textTrends
19 error There is likely additional logging output above.
20 verbose exit [ 1, true ]
